  functions.cpp
c:\users\adam\documents\visual studio 2015\projects\smithproj\smithproj\smithproj\functions.cpp(20): warning C4101: 'id': unreferenced local variable
c:\users\adam\documents\visual studio 2015\projects\smithproj\smithproj\smithproj\functions.cpp(100): warning C4018: '<': signed/unsigned mismatch
c:\users\adam\documents\visual studio 2015\projects\smithproj\smithproj\smithproj\functions.cpp(112): warning C4018: '<': signed/unsigned mismatch
c:\users\adam\documents\visual studio 2015\projects\smithproj\smithproj\smithproj\functions.cpp(127): warning C4018: '<': signed/unsigned mismatch
c:\users\adam\documents\visual studio 2015\projects\smithproj\smithproj\smithproj\functions.cpp(214): warning C4018: '<': signed/unsigned mismatch
c:\users\adam\documents\visual studio 2015\projects\smithproj\smithproj\smithproj\functions.cpp(224): warning C4018: '<': signed/unsigned mismatch
c:\users\adam\documents\visual studio 2015\projects\smithproj\smithproj\smithproj\functions.cpp(239): warning C4018: '<': signed/unsigned mismatch
c:\users\adam\documents\visual studio 2015\projects\smithproj\smithproj\smithproj\functions.cpp(322): warning C4018: '<': signed/unsigned mismatch
c:\users\adam\documents\visual studio 2015\projects\smithproj\smithproj\smithproj\functions.cpp(334): warning C4018: '<': signed/unsigned mismatch
c:\users\adam\documents\visual studio 2015\projects\smithproj\smithproj\smithproj\functions.cpp(349): warning C4018: '<': signed/unsigned mismatch
c:\users\adam\documents\visual studio 2015\projects\smithproj\smithproj\smithproj\functions.cpp(431): warning C4018: '<': signed/unsigned mismatch
c:\users\adam\documents\visual studio 2015\projects\smithproj\smithproj\smithproj\functions.cpp(443): warning C4018: '<': signed/unsigned mismatch
c:\users\adam\documents\visual studio 2015\projects\smithproj\smithproj\smithproj\functions.cpp(458): warning C4018: '<': signed/unsigned mismatch
c:\users\adam\documents\visual studio 2015\projects\smithproj\smithproj\smithproj\functions.cpp(539): warning C4018: '<': signed/unsigned mismatch
c:\users\adam\documents\visual studio 2015\projects\smithproj\smithproj\smithproj\functions.cpp(551): warning C4018: '<': signed/unsigned mismatch
c:\users\adam\documents\visual studio 2015\projects\smithproj\smithproj\smithproj\functions.cpp(566): warning C4018: '<': signed/unsigned mismatch
c:\users\adam\documents\visual studio 2015\projects\smithproj\smithproj\smithproj\functions.cpp(647): warning C4018: '<': signed/unsigned mismatch
c:\users\adam\documents\visual studio 2015\projects\smithproj\smithproj\smithproj\functions.cpp(659): warning C4018: '<': signed/unsigned mismatch
c:\users\adam\documents\visual studio 2015\projects\smithproj\smithproj\smithproj\functions.cpp(674): warning C4018: '<': signed/unsigned mismatch
c:\users\adam\documents\visual studio 2015\projects\smithproj\smithproj\smithproj\functions.cpp(755): warning C4018: '<': signed/unsigned mismatch
c:\users\adam\documents\visual studio 2015\projects\smithproj\smithproj\smithproj\functions.cpp(767): warning C4018: '<': signed/unsigned mismatch
c:\users\adam\documents\visual studio 2015\projects\smithproj\smithproj\smithproj\functions.cpp(782): warning C4018: '<': signed/unsigned mismatch
c:\users\adam\documents\visual studio 2015\projects\smithproj\smithproj\smithproj\functions.cpp(864): warning C4018: '<': signed/unsigned mismatch
c:\users\adam\documents\visual studio 2015\projects\smithproj\smithproj\smithproj\functions.cpp(876): warning C4018: '<': signed/unsigned mismatch
c:\users\adam\documents\visual studio 2015\projects\smithproj\smithproj\smithproj\functions.cpp(891): warning C4018: '<': signed/unsigned mismatch
c:\users\adam\documents\visual studio 2015\projects\smithproj\smithproj\smithproj\functions.cpp(973): warning C4018: '<': signed/unsigned mismatch
c:\users\adam\documents\visual studio 2015\projects\smithproj\smithproj\smithproj\functions.cpp(985): warning C4018: '<': signed/unsigned mismatch
c:\users\adam\documents\visual studio 2015\projects\smithproj\smithproj\smithproj\functions.cpp(1000): warning C4018: '<': signed/unsigned mismatch
c:\users\adam\documents\visual studio 2015\projects\smithproj\smithproj\smithproj\functions.cpp(1082): warning C4018: '<': signed/unsigned mismatch
c:\users\adam\documents\visual studio 2015\projects\smithproj\smithproj\smithproj\functions.cpp(1094): warning C4018: '<': signed/unsigned mismatch
c:\users\adam\documents\visual studio 2015\projects\smithproj\smithproj\smithproj\functions.cpp(1109): warning C4018: '<': signed/unsigned mismatch
c:\users\adam\documents\visual studio 2015\projects\smithproj\smithproj\smithproj\functions.cpp(1191): warning C4018: '<': signed/unsigned mismatch
c:\users\adam\documents\visual studio 2015\projects\smithproj\smithproj\smithproj\functions.cpp(1203): warning C4018: '<': signed/unsigned mismatch
c:\users\adam\documents\visual studio 2015\projects\smithproj\smithproj\smithproj\functions.cpp(1218): warning C4018: '<': signed/unsigned mismatch
c:\users\adam\documents\visual studio 2015\projects\smithproj\smithproj\smithproj\functions.cpp(1300): warning C4018: '<': signed/unsigned mismatch
c:\users\adam\documents\visual studio 2015\projects\smithproj\smithproj\smithproj\functions.cpp(1312): warning C4018: '<': signed/unsigned mismatch
c:\users\adam\documents\visual studio 2015\projects\smithproj\smithproj\smithproj\functions.cpp(1327): warning C4018: '<': signed/unsigned mismatch
c:\users\adam\documents\visual studio 2015\projects\smithproj\smithproj\smithproj\functions.cpp(1409): warning C4018: '<': signed/unsigned mismatch
c:\users\adam\documents\visual studio 2015\projects\smithproj\smithproj\smithproj\functions.cpp(1421): warning C4018: '<': signed/unsigned mismatch
c:\users\adam\documents\visual studio 2015\projects\smithproj\smithproj\smithproj\functions.cpp(1436): warning C4018: '<': signed/unsigned mismatch
c:\users\adam\documents\visual studio 2015\projects\smithproj\smithproj\smithproj\functions.cpp(1518): warning C4018: '<': signed/unsigned mismatch
c:\users\adam\documents\visual studio 2015\projects\smithproj\smithproj\smithproj\functions.cpp(1530): warning C4018: '<': signed/unsigned mismatch
c:\users\adam\documents\visual studio 2015\projects\smithproj\smithproj\smithproj\functions.cpp(1545): warning C4018: '<': signed/unsigned mismatch
c:\users\adam\documents\visual studio 2015\projects\smithproj\smithproj\smithproj\functions.cpp(1626): warning C4018: '<': signed/unsigned mismatch
c:\users\adam\documents\visual studio 2015\projects\smithproj\smithproj\smithproj\functions.cpp(1627): warning C4018: '<': signed/unsigned mismatch
c:\users\adam\documents\visual studio 2015\projects\smithproj\smithproj\smithproj\functions.cpp(1640): warning C4018: '<': signed/unsigned mismatch
c:\users\adam\documents\visual studio 2015\projects\smithproj\smithproj\smithproj\functions.cpp(1655): warning C4018: '<': signed/unsigned mismatch
c:\users\adam\documents\visual studio 2015\projects\smithproj\smithproj\smithproj\functions.cpp(1739): warning C4018: '<': signed/unsigned mismatch
c:\users\adam\documents\visual studio 2015\projects\smithproj\smithproj\smithproj\functions.cpp(1751): warning C4018: '<': signed/unsigned mismatch
c:\users\adam\documents\visual studio 2015\projects\smithproj\smithproj\smithproj\functions.cpp(1766): warning C4018: '<': signed/unsigned mismatch
c:\users\adam\documents\visual studio 2015\projects\smithproj\smithproj\smithproj\functions.cpp(1850): warning C4018: '<': signed/unsigned mismatch
c:\users\adam\documents\visual studio 2015\projects\smithproj\smithproj\smithproj\functions.cpp(1862): warning C4018: '<': signed/unsigned mismatch
c:\users\adam\documents\visual studio 2015\projects\smithproj\smithproj\smithproj\functions.cpp(1877): warning C4018: '<': signed/unsigned mismatch
c:\users\adam\documents\visual studio 2015\projects\smithproj\smithproj\smithproj\functions.cpp(1961): warning C4018: '<': signed/unsigned mismatch
c:\users\adam\documents\visual studio 2015\projects\smithproj\smithproj\smithproj\functions.cpp(1973): warning C4018: '<': signed/unsigned mismatch
c:\users\adam\documents\visual studio 2015\projects\smithproj\smithproj\smithproj\functions.cpp(1988): warning C4018: '<': signed/unsigned mismatch
c:\users\adam\documents\visual studio 2015\projects\smithproj\smithproj\smithproj\functions.cpp(2073): warning C4018: '<': signed/unsigned mismatch
c:\users\adam\documents\visual studio 2015\projects\smithproj\smithproj\smithproj\functions.cpp(2085): warning C4018: '<': signed/unsigned mismatch
c:\users\adam\documents\visual studio 2015\projects\smithproj\smithproj\smithproj\functions.cpp(2100): warning C4018: '<': signed/unsigned mismatch
c:\users\adam\documents\visual studio 2015\projects\smithproj\smithproj\smithproj\functions.cpp(2184): warning C4018: '<': signed/unsigned mismatch
c:\users\adam\documents\visual studio 2015\projects\smithproj\smithproj\smithproj\functions.cpp(2196): warning C4018: '<': signed/unsigned mismatch
c:\users\adam\documents\visual studio 2015\projects\smithproj\smithproj\smithproj\functions.cpp(2211): warning C4018: '<': signed/unsigned mismatch
c:\users\adam\documents\visual studio 2015\projects\smithproj\smithproj\smithproj\functions.cpp(2295): warning C4018: '<': signed/unsigned mismatch
c:\users\adam\documents\visual studio 2015\projects\smithproj\smithproj\smithproj\functions.cpp(2307): warning C4018: '<': signed/unsigned mismatch
c:\users\adam\documents\visual studio 2015\projects\smithproj\smithproj\smithproj\functions.cpp(2322): warning C4018: '<': signed/unsigned mismatch
c:\users\adam\documents\visual studio 2015\projects\smithproj\smithproj\smithproj\functions.cpp(2405): warning C4018: '<': signed/unsigned mismatch
c:\users\adam\documents\visual studio 2015\projects\smithproj\smithproj\smithproj\functions.cpp(2417): warning C4018: '<': signed/unsigned mismatch
c:\users\adam\documents\visual studio 2015\projects\smithproj\smithproj\smithproj\functions.cpp(2432): warning C4018: '<': signed/unsigned mismatch
c:\users\adam\documents\visual studio 2015\projects\smithproj\smithproj\smithproj\functions.cpp(2515): warning C4018: '<': signed/unsigned mismatch
c:\users\adam\documents\visual studio 2015\projects\smithproj\smithproj\smithproj\functions.cpp(2527): warning C4018: '<': signed/unsigned mismatch
c:\users\adam\documents\visual studio 2015\projects\smithproj\smithproj\smithproj\functions.cpp(2542): warning C4018: '<': signed/unsigned mismatch
c:\users\adam\documents\visual studio 2015\projects\smithproj\smithproj\smithproj\functions.cpp(2625): warning C4018: '<': signed/unsigned mismatch
c:\users\adam\documents\visual studio 2015\projects\smithproj\smithproj\smithproj\functions.cpp(2637): warning C4018: '<': signed/unsigned mismatch
c:\users\adam\documents\visual studio 2015\projects\smithproj\smithproj\smithproj\functions.cpp(2652): warning C4018: '<': signed/unsigned mismatch
c:\users\adam\documents\visual studio 2015\projects\smithproj\smithproj\smithproj\functions.cpp(2735): warning C4018: '<': signed/unsigned mismatch
c:\users\adam\documents\visual studio 2015\projects\smithproj\smithproj\smithproj\functions.cpp(2747): warning C4018: '<': signed/unsigned mismatch
c:\users\adam\documents\visual studio 2015\projects\smithproj\smithproj\smithproj\functions.cpp(2762): warning C4018: '<': signed/unsigned mismatch
c:\users\adam\documents\visual studio 2015\projects\smithproj\smithproj\smithproj\functions.cpp(2845): warning C4018: '<': signed/unsigned mismatch
c:\users\adam\documents\visual studio 2015\projects\smithproj\smithproj\smithproj\functions.cpp(2857): warning C4018: '<': signed/unsigned mismatch
c:\users\adam\documents\visual studio 2015\projects\smithproj\smithproj\smithproj\functions.cpp(2872): warning C4018: '<': signed/unsigned mismatch
c:\users\adam\documents\visual studio 2015\projects\smithproj\smithproj\smithproj\functions.cpp(2955): warning C4018: '<': signed/unsigned mismatch
c:\users\adam\documents\visual studio 2015\projects\smithproj\smithproj\smithproj\functions.cpp(2967): warning C4018: '<': signed/unsigned mismatch
c:\users\adam\documents\visual studio 2015\projects\smithproj\smithproj\smithproj\functions.cpp(2982): warning C4018: '<': signed/unsigned mismatch
c:\users\adam\documents\visual studio 2015\projects\smithproj\smithproj\smithproj\functions.cpp(3065): warning C4018: '<': signed/unsigned mismatch
c:\users\adam\documents\visual studio 2015\projects\smithproj\smithproj\smithproj\functions.cpp(3077): warning C4018: '<': signed/unsigned mismatch
c:\users\adam\documents\visual studio 2015\projects\smithproj\smithproj\smithproj\functions.cpp(3092): warning C4018: '<': signed/unsigned mismatch
c:\users\adam\documents\visual studio 2015\projects\smithproj\smithproj\smithproj\functions.cpp(3175): warning C4018: '<': signed/unsigned mismatch
c:\users\adam\documents\visual studio 2015\projects\smithproj\smithproj\smithproj\functions.cpp(3187): warning C4018: '<': signed/unsigned mismatch
c:\users\adam\documents\visual studio 2015\projects\smithproj\smithproj\smithproj\functions.cpp(3202): warning C4018: '<': signed/unsigned mismatch
c:\users\adam\documents\visual studio 2015\projects\smithproj\smithproj\smithproj\functions.cpp(3283): warning C4018: '<': signed/unsigned mismatch
c:\users\adam\documents\visual studio 2015\projects\smithproj\smithproj\smithproj\functions.cpp(3284): warning C4018: '<': signed/unsigned mismatch
c:\users\adam\documents\visual studio 2015\projects\smithproj\smithproj\smithproj\functions.cpp(3297): warning C4018: '<': signed/unsigned mismatch
c:\users\adam\documents\visual studio 2015\projects\smithproj\smithproj\smithproj\functions.cpp(3312): warning C4018: '<': signed/unsigned mismatch
  SmithProj.vcxproj -> C:\Users\Adam\Documents\Visual Studio 2015\Projects\SmithProj\SmithProj\Debug\SmithProj.exe
  SmithProj.vcxproj -> C:\Users\Adam\Documents\Visual Studio 2015\Projects\SmithProj\SmithProj\Debug\SmithProj.pdb (Partial PDB)
